<?xml version="1.0" encoding="UTF-8"?>
<!-- Generated by org.testng.reporters.JUnitXMLReporter -->
<testsuite ignored="0" hostname="LAPTOP-00K4GI6E" failures="0" tests="3" name="Default test" time="95.252" errors="0" timestamp="2021-11-18T18:17:38 IST">
  <testcase classname="testcase.testscripts" name="RoomBooking" time="35.045"/>
  <testcase classname="testcase.testscripts" name="RoomMenu" time="31.942"/>
  <testcase classname="testcase.testscripts" name="filter" time="28.213"/>
</testsuite> <!-- Default test -->
