<?xml version="1.0" encoding="UTF-8"?>
<testng-results ignored="0" total="3" passed="3" failed="0" skipped="0">
  <reporter-output>
    <line>
      <![CDATA[The name of hotel is: Hotel Carnation. The Hotel count is:8]]>
    </line>
    <line>
      <![CDATA[The Hotel Name is  Vinayaga Inn by Poppys]]>
    </line>
  </reporter-output>
  <suite started-at="2021-11-18T18:16:03 IST" name="Default suite" finished-at="2021-11-18T18:17:38 IST" duration-ms="95252">
    <groups>
    </groups>
    <test started-at="2021-11-18T18:16:03 IST" name="Default test" finished-at="2021-11-18T18:17:38 IST" duration-ms="95252">
      <class name="testcase.testscripts">
        <test-method signature="RoomBooking()[pri:1, instance:testcase.testscripts@1ba9117e]" started-at="2021-11-18T18:16:03 IST" name="RoomBooking" finished-at="2021-11-18T18:16:38 IST" duration-ms="35045" status="PASS">
          <reporter-output>
            <line>
              <![CDATA[The name of hotel is: Hotel Carnation. The Hotel count is:8]]>
            </line>
          </reporter-output>
        </test-method> <!-- RoomBooking -->
        <test-method signature="RoomMenu()[pri:2, instance:testcase.testscripts@1ba9117e]" started-at="2021-11-18T18:16:38 IST" name="RoomMenu" finished-at="2021-11-18T18:17:10 IST" duration-ms="31942" status="PASS">
          <reporter-output>
            <line>
              <![CDATA[The Hotel Name is  Vinayaga Inn by Poppys]]>
            </line>
          </reporter-output>
        </test-method> <!-- RoomMenu -->
        <test-method signature="filter()[pri:3, instance:testcase.testscripts@1ba9117e]" started-at="2021-11-18T18:17:10 IST" name="filter" finished-at="2021-11-18T18:17:38 IST" duration-ms="28213" status="PASS">
          <reporter-output>
          </reporter-output>
        </test-method> <!-- filter -->
      </class> <!-- testcase.testscripts -->
    </test> <!-- Default test -->
  </suite> <!-- Default suite -->
</testng-results>
